#
# A fatal error has been detected by the Java Runtime Environment:
#
#  Internal Error (javaClasses.cpp:129), pid=6988, tid=7132
#  fatal error: Invalid layout of preloaded class
#
# JRE version: 7.0_17-b02
# Java VM: Java HotSpot(TM) Client VM (23.7-b01 mixed mode windows-x86 )
# Failed to write core dump. Minidumps are not enabled by default on client versions of Windows
#
# If you would like to submit a bug report, please visit:
#   http://bugreport.sun.com/bugreport/crash.jsp
#

---------------  T H R E A D  ---------------

Current thread (0x012eb000):  JavaThread "Unknown thread" [_thread_in_vm, id=7132, stack(0x01130000,0x01180000)]

Stack: [0x01130000,0x01180000],  sp=0x0117f45c,  free space=317k
Native frames: (J=compiled Java code, j=interpreted, Vv=VM code, C=native code)
V  [jvm.dll+0x16f261]
V  [jvm.dll+0x1693d6]
V  [jvm.dll+0x2079f]
V  [jvm.dll+0x20826]
V  [jvm.dll+0x2e5bd]
V  [jvm.dll+0x2e869]
V  [jvm.dll+0x77ba1]
V  [jvm.dll+0x77f5b]
V  [jvm.dll+0x1290e1]
V  [jvm.dll+0x149b3a]
V  [jvm.dll+0xa98df]
C  [javaw.exe+0x13ca]
C  [javaw.exe+0x1e3c]
C  [javaw.exe+0xa5a1]
C  [javaw.exe+0xa62b]
C  [kernel32.dll+0x4ee1c]  BaseThreadInitThunk+0x12
C  [ntdll.dll+0x637f5]  RtlInitializeExceptionChain+0xef
C  [ntdll.dll+0x637c8]  RtlInitializeExceptionChain+0xc2


---------------  P R O C E S S  ---------------

Java Threads: ( => current thread )

Other Threads:

=>0x012eb000 (exited) JavaThread "Unknown thread" [_thread_in_vm, id=7132, stack(0x01130000,0x01180000)]

VM state:not at safepoint (not fully initialized)

VM Mutex/Monitor currently owned by a thread: None

GC Heap History (0 events):
No events

Deoptimization events (0 events):
No events

Internal exceptions (0 events):
No events

Events (10 events):
Event: 0.013 loading class 0x011f3658 done
Event: 0.014 loading class 0x011f2520 done
Event: 0.014 loading class 0x011f24f8
Event: 0.014 loading class 0x01268ad8
Event: 0.014 loading class 0x01268ad8 done
Event: 0.014 loading class 0x01268b10
Event: 0.014 loading class 0x01268b10 done
Event: 0.014 loading class 0x0125e8f8
Event: 0.014 loading class 0x0125e8f8 done
Event: 0.014 loading class 0x011f24f8 done


Dynamic libraries:
0x01310000 - 0x0133f000 	C:\Program Files\Java\jre7\bin\javaw.exe
0x76ee0000 - 0x7701c000 	C:\Windows\SYSTEM32\ntdll.dll
0x76da0000 - 0x76e74000 	C:\Windows\system32\kernel32.dll
0x750f0000 - 0x7513b000 	C:\Windows\system32\KERNELBASE.dll
0x75a70000 - 0x75b10000 	C:\Windows\system32\ADVAPI32.dll
0x76cf0000 - 0x76d9c000 	C:\Windows\system32\msvcrt.dll
0x75d00000 - 0x75d19000 	C:\Windows\SYSTEM32\sechost.dll
0x756e0000 - 0x75782000 	C:\Windows\system32\RPCRT4.dll
0x757c0000 - 0x75889000 	C:\Windows\system32\USER32.dll
0x754f0000 - 0x7553e000 	C:\Windows\system32\GDI32.dll
0x75d20000 - 0x75d2a000 	C:\Windows\system32\LPK.dll
0x75d80000 - 0x75e1d000 	C:\Windows\system32\USP10.dll
0x73db0000 - 0x73f4e000 	C:\Windows\WinSxS\x86_microsoft.windows.common-controls_6595b64144ccf1df_6.0.7601.17514_none_41e6975e2bd6f2b2\COMCTL32.dll
0x76e80000 - 0x76ed7000 	C:\Windows\system32\SHLWAPI.dll
0x75790000 - 0x757af000 	C:\Windows\system32\IMM32.DLL
0x77040000 - 0x7710c000 	C:\Windows\system32\MSCTF.dll
0x75040000 - 0x7506c000 	C:\Windows\system32\nvinit.dll
0x0f000000 - 0x0f006000 	C:\Program Files\NVIDIA Corporation\CoProcManager\detoured.dll
0x730c0000 - 0x730ec000 	C:\Program Files\NVIDIA Corporation\CoProcManager\nvd3d9wrap.dll
0x75540000 - 0x756dd000 	C:\Windows\system32\SETUPAPI.dll
0x75310000 - 0x75337000 	C:\Windows\system32\CFGMGR32.dll
0x76c60000 - 0x76cef000 	C:\Windows\system32\OLEAUT32.dll
0x75890000 - 0x759ec000 	C:\Windows\system32\ole32.dll
0x752f0000 - 0x75302000 	C:\Windows\system32\DEVOBJ.dll
0x730a0000 - 0x730c0000 	C:\Program Files\NVIDIA Corporation\CoProcManager\nvdxgiwrap.dll
0x62f30000 - 0x62fee000 	C:\Program Files\Java\jre7\bin\msvcr100.dll
0x5a4c0000 - 0x5a80c000 	C:\Program Files\Java\jre7\bin\client\jvm.dll
0x6d920000 - 0x6d927000 	C:\Windows\system32\WSOCK32.dll
0x75cc0000 - 0x75cf5000 	C:\Windows\system32\WS2_32.dll
0x77020000 - 0x77026000 	C:\Windows\system32\NSI.dll
0x72ce0000 - 0x72d12000 	C:\Windows\system32\WINMM.dll
0x77030000 - 0x77035000 	C:\Windows\system32\PSAPI.DLL
0x62b00000 - 0x62b0c000 	C:\Program Files\Java\jre7\bin\verify.dll
0x5b190000 - 0x5b1b0000 	C:\Program Files\Java\jre7\bin\java.dll
0x5b1b0000 - 0x5b1c3000 	C:\Program Files\Java\jre7\bin\zip.dll
0x6d500000 - 0x6d5eb000 	C:\Windows\system32\dbghelp.dll

VM Arguments:
jvm_args: -Dfile.encoding=GBK -Xbootclasspath:D:\AndroidEclipse\sdk\platforms\android-18\android.jar 
java_command: com.pgw.psl.net.SocketClient
Launcher Type: SUN_STANDARD

Environment Variables:
JAVA_HOME=C:\Program Files\Java\jdk1.7.0_17
CLASSPATH=.;C:\Program Files\Java\jdk1.7.0_17\lib;C:\Program Files\Java\jdk1.7.0_17\lib\tools.jar;
PATH=C:/Program Files/Java/jre7/bin/client;C:/Program Files/Java/jre7/bin;C:/Program Files/Java/jre7/lib/i386;C:\Windows\system32;C:\Windows;C:\Windows\System32\Wbem;C:\Windows\System32\WindowsPowerShell\v1.0\;C:\ComsenzEXP\MySQL\bin;C:\Program Files\Java\jdk1.7.0_17\bin;D:\AndroidEclipse\eclipse;
USERNAME=Administrator
OS=Windows_NT
PROCESSOR_IDENTIFIER=x86 Family 6 Model 58 Stepping 9, GenuineIntel



---------------  S Y S T E M  ---------------

OS: Windows 7 Build 7601 Service Pack 1

CPU:total 4 (2 cores per cpu, 2 threads per core) family 6 model 58 stepping 9, cmov, cx8, fxsr, mmx, sse, sse2, sse3, ssse3, sse4.1, sse4.2, popcnt, avx, ht, tsc, tscinvbit, tscinv

Memory: 4k page, physical 3261860k(1603264k free), swap 6521968k(4509228k free)

vm_info: Java HotSpot(TM) Client VM (23.7-b01) for windows-x86 JRE (1.7.0_17-b02), built on Mar  1 2013 05:04:36 by "java_re" with unknown MS VC++:1600

time: Thu Nov 13 19:51:26 2014
elapsed time: 0 seconds

